;  LST file generated by mikroListExporter - v.2.0 
; Date/Time: 12/06/2023 12:26:44
;----------------------------------------------

;Address Opcode 	ASM
0x0000	0x020084  	LJMP 132
0x0003	0x020056  	LJMP 86
0x0006	0x00      	NOP
0x0007	0x00      	NOP
0x0008	0x00      	NOP
0x0009	0x00      	NOP
0x000A	0x00      	NOP
0x000B	0x020000  	LJMP 0
0x000E	0x00      	NOP
0x000F	0x00      	NOP
0x0010	0x00      	NOP
0x0011	0x00      	NOP
0x0012	0x00      	NOP
0x0013	0x02006D  	LJMP 109
0x0016	0x00      	NOP
0x0017	0x00      	NOP
0x0018	0x00      	NOP
0x0019	0x00      	NOP
0x001A	0x00      	NOP
0x001B	0x020000  	LJMP 0
0x001E	0x00      	NOP
0x001F	0x00      	NOP
0x0020	0x00      	NOP
0x0021	0x00      	NOP
0x0022	0x00      	NOP
0x0023	0x020000  	LJMP 0
0x0026	0x00      	NOP
0x0027	0x00      	NOP
0x0028	0x00      	NOP
0x0029	0x00      	NOP
0x002A	0x00      	NOP
0x002B	0x020000  	LJMP 0
0x002E	0x00      	NOP
0x002F	0x00      	NOP
0x0030	0x00      	NOP
0x0031	0x00      	NOP
0x0032	0x00      	NOP
0x0033	0x020000  	LJMP 0
0x0036	0x00      	NOP
0x0037	0x00      	NOP
0x0038	0x00      	NOP
0x0039	0x00      	NOP
0x003A	0x00      	NOP
0x003B	0x020000  	LJMP 0
0x003E	0x00      	NOP
0x003F	0x00      	NOP
0x0040	0x00      	NOP
0x0041	0x00      	NOP
0x0042	0x00      	NOP
0x0043	0x00      	NOP
0x0044	0x00      	NOP
0x0045	0x00      	NOP
0x0046	0x00      	NOP
0x0047	0x00      	NOP
0x0048	0x00      	NOP
0x0049	0x00      	NOP
0x004A	0x00      	NOP
0x004B	0x020000  	LJMP 0
___CC2D:
;__Lib_System.c,13 :: 		
;__Lib_System.c,15 :: 		
_CC2D_Loop1:
;__Lib_System.c,16 :: 		
0x004E	0xE4      	CLR A
;__Lib_System.c,17 :: 		
0x004F	0x93      	MOVC A, @A+DPTR
;__Lib_System.c,18 :: 		
0x0050	0xF6      	MOV @R0, A
;__Lib_System.c,19 :: 		
0x0051	0x08      	INC R0
;__Lib_System.c,20 :: 		
0x0052	0xA3      	INC DPTR
;__Lib_System.c,21 :: 		
0x0053	0xD9F9    	DJNZ R1, _CC2D_Loop1
;__Lib_System.c,23 :: 		
0x0055	0x22      	RET
; end of ___CC2D
_externo0:
0x0056	0xC0D0    	PUSH PSW
0x0058	0xC0E0    	PUSH ACC
0x005A	0xC0F0    	PUSH B
0x005C	0xC082    	PUSH DPL
0x005E	0xC083    	PUSH DPH
;MyProject.c,18 :: 		void externo0(void) org IVT_ADDR_EX0{
;MyProject.c,19 :: 		P0 = P0 + 1; // incrementar contagem
0x0060	0x0580    	INC P0
;MyProject.c,20 :: 		}
0x0062	0xD083    	POP DPH
0x0064	0xD082    	POP DPL
0x0066	0xD0F0    	POP B
0x0068	0xD0E0    	POP ACC
0x006A	0xD0D0    	POP PSW
0x006C	0x32      	RETI
; end of _externo0
_externo1:
0x006D	0xC0D0    	PUSH PSW
0x006F	0xC0E0    	PUSH ACC
0x0071	0xC0F0    	PUSH B
0x0073	0xC082    	PUSH DPL
0x0075	0xC083    	PUSH DPH
;MyProject.c,22 :: 		void externo1(void) org IVT_ADDR_EX1 {
;MyProject.c,23 :: 		P0 = P0 - 1; // decrementar contagem
0x0077	0x1580    	DEC P0
;MyProject.c,24 :: 		}
0x0079	0xD083    	POP DPH
0x007B	0xD082    	POP DPL
0x007D	0xD0F0    	POP B
0x007F	0xD0E0    	POP ACC
0x0081	0xD0D0    	POP PSW
0x0083	0x32      	RETI
; end of _externo1
_main:
0x0084	0x758180  	MOV SP, #128
;MyProject.c,4 :: 		void main() {
;MyProject.c,5 :: 		P0 = 0; //Inicia o P0 com 0
0x0087	0x758000  	MOV P0, #0
;MyProject.c,7 :: 		EA_bit = 1; // Habilitação geral
0x008A	0xD2AF    	SETB EA_bit
;MyProject.c,8 :: 		EX0_bit = 1; // habilitar int. externa 0
0x008C	0xD2A8    	SETB EX0_bit
;MyProject.c,9 :: 		EX1_bit = 1; // habilitar int. externa 1
0x008E	0xD2AA    	SETB EX1_bit
;MyProject.c,11 :: 		IT0_bit = 0; // Interrupção de INT0 por nível negativo
0x0090	0xC288    	CLR IT0_bit
;MyProject.c,12 :: 		IT1_bit = 0; // Interrupção de INT1 por nível negativo
0x0092	0xC28A    	CLR IT1_bit
;MyProject.c,14 :: 		PX0L_bit = 0; // PIORIDADE BAIXA
0x0094	0xC2B8    	CLR PX0L_bit
;MyProject.c,15 :: 		PX1L_bit = 1; // PIORIDADE ALTA
0x0096	0xD2BA    	SETB PX1L_bit
;MyProject.c,16 :: 		}
0x0098	0x80FE    	SJMP #254
; end of _main
Symbol List:
//** Routines locations **
//ADDRESS    SIZE    PROCEDURE
//----------------------------------------------
0x004E       [8]    ___CC2D
0x0056      [23]    _externo0
0x006D      [23]    _externo1
0x0084      [22]    _main
//** Variables locations ** 
//ADDRESS    SIZE    VARIABLE
//----------------------------------------------
0x0000       [1]    R0
0x0001       [1]    R1
0x0002       [1]    R2
0x0003       [1]    R3
0x0004       [1]    R4
0x0005       [1]    R5
0x0006       [1]    R6
0x0007       [1]    R7
0x0080       [1]    P0
0x0081       [1]    SP
0x0082       [1]    DPL
0x0083       [1]    DPH
0x0088       [0]    IT1_bit
0x0088       [0]    IT0_bit
0x00A8       [0]    EX0_bit
0x00A8       [0]    EA_bit
0x00A8       [0]    EX1_bit
0x00B8       [0]    PX1L_bit
0x00B8       [0]    PX0L_bit
0x00D0       [1]    PSW
0x00E0       [1]    ACC
0x00F0       [1]    B
//** Label List: ** 
//----------------------------------------------
  _main
  _externo0
  _externo1
  _CC2D_Loop1
  _CC2PD_Loop1
  _CC2XD_Loop1
  ___DoIFC
  ___CC2D
  ___CC2PD
  ___CC2XD
  _main
  _externo0
  _externo1
  _main
  _externo0
  _externo1
